#
# A fatal error has been detected by the Java Runtime Environment:
#
#  EXCEPTION_ACCESS_VIOLATION (0xc0000005) at pc=0x000000006d1214c6, pid=4424, tid=13944
#
# JRE version: 6.0_45-b06
# Java VM: Java HotSpot(TM) 64-Bit Server VM (20.45-b01 mixed mode windows-amd64 compressed oops)
# Problematic frame:
# C  [awt.dll+0x814c6]
#
# If you would like to submit a bug report, please visit:
#   http://java.sun.com/webapps/bugreport/crash.jsp
# The crash happened outside the Java Virtual Machine in native code.
# See problematic frame for where to report the bug.
#

---------------  T H R E A D  ---------------

Current thread (0x000000000695d800):  JavaThread "AWT-Windows" daemon [_thread_in_native, id=13944, stack(0x00000000074b0000,0x00000000075b0000)]

siginfo: ExceptionCode=0xc0000005, reading address 0x0000000006996f30

Registers:
RAX=0x0000000006945e30, RBX=0x000000000000a220, RCX=0x000000000698d250, RDX=0x000000000000a220
RSP=0x00000000075aef50, RBP=0x0000000006a29a60, RSI=0x000000006d0a0000, RDI=0x000000000698d220
R8 =0x0000000000000000, R9 =0x0000000000000000, R10=0x000000006d1b1970, R11=0x00000000006217b0
R12=0x000000000000a220, R13=0x0000000000000000, R14=0x0000000000000111, R15=0x0000000000000111
RIP=0x000000006d1214c6, EFLAGS=0x0000000000010206

Top of Stack: (sp=0x00000000075aef50)
0x00000000075aef50:   000000000000a220 000007fef31a1278
0x00000000075aef60:   000000000000a220 000000000698d220
0x00000000075aef70:   fffffffffffffffe 0000000000000001
0x00000000075aef80:   000000006daca8d0 000000006d138c0a
0x00000000075aef90:   000000000695d800 0000000000000000
0x00000000075aefa0:   0000000000000000 0000000006a29b18
0x00000000075aefb0:   000000000695d9d0 000000006d13e142
0x00000000075aefc0:   000000000000c508 000000000695d9d0
0x00000000075aefd0:   000000000000a220 0000000006a29b18
0x00000000075aefe0:   00000000006217b0 0000000000000001
0x00000000075aeff0:   0000000000000000 000000006da01cfc
0x00000000075af000:   0000000000000428 0000000006915c80
0x00000000075af010:   0000cabf00000001 fffffffffffffffe
0x00000000075af020:   0000000006a29b18 000000000695d9d0
0x00000000075af030:   0000cabfb2f0bd8a 00000000006217b0
0x00000000075af040:   0000000000000000 0000000000000111 

Instructions: (pc=0x000000006d1214c6)
0x000000006d1214a6:   44 24 20 fe ff ff ff 48 89 5c 24 50 48 89 7c 24
0x000000006d1214b6:   58 8b da 48 8b f9 48 8b 01 ff 10 90 48 8b 47 60
0x000000006d1214c6:   81 3c d8 00 80 00 00 77 0d 48 8b 07 48 8b cf ff
0x000000006d1214d6:   50 10 33 c0 eb 10 48 8b 1c d8 48 8b 17 48 8b cf 


Register to memory mapping:

RAX=0x0000000006945e30 is an unknown value
RBX=0x000000000000a220 is an unknown value
RCX=0x000000000698d250 is an unknown value
RDX=0x000000000000a220 is an unknown value
RSP=0x00000000075aef50 is pointing into the stack for thread: 0x000000000695d800
RBP=0x0000000006a29a60 is an unknown value
RSI=0x000000006d0a0000 is an unknown value
RDI=0x000000000698d220 is an unknown value
R8 =0x0000000000000000 is an unknown value
R9 =0x0000000000000000 is an unknown value
R10=0x000000006d1b1970 is an unknown value
R11=0x00000000006217b0 is an unknown value
R12=0x000000000000a220 is an unknown value
R13=0x0000000000000000 is an unknown value
R14=0x0000000000000111 is an unknown value
R15=0x0000000000000111 is an unknown value


Stack: [0x00000000074b0000,0x00000000075b0000],  sp=0x00000000075aef50,  free space=1019k
Native frames: (J=compiled Java code, j=interpreted, Vv=VM code, C=native code)
C  [awt.dll+0x814c6]  Java_sun_awt_image_RemoteOffScreenImage_setRasterNative+0x496

Java frames: (J=compiled Java code, j=interpreted, Vv=VM code)
j  sun.awt.windows.WToolkit.eventLoop()V+0
j  sun.awt.windows.WToolkit.run()V+52
j  java.lang.Thread.run()V+11
v  ~StubRoutines::call_stub

---------------  P R O C E S S  ---------------

Java Threads: ( => current thread )
  0x0000000006962800 JavaThread "Thread-6" [_thread_blocked, id=14844, stack(0x0000000009080000,0x0000000009180000)]
  0x0000000006962000 JavaThread "Thread-5" daemon [_thread_in_native, id=13084, stack(0x0000000008f80000,0x0000000009080000)]
  0x0000000006961800 JavaThread "Thread-4" [_thread_blocked, id=11036, stack(0x00000000077b0000,0x00000000078b0000)]
  0x0000000006960800 JavaThread "Thread-3" daemon [_thread_in_native, id=10652, stack(0x00000000076b0000,0x00000000077b0000)]
  0x0000000006960000 JavaThread "TimerQueue" daemon [_thread_blocked, id=1360, stack(0x00000000089d0000,0x0000000008ad0000)]
  0x000000000695f000 JavaThread "DestroyJavaVM" [_thread_blocked, id=13040, stack(0x0000000002420000,0x0000000002520000)]
  0x000000000695e800 JavaThread "AWT-EventQueue-0" [_thread_blocked, id=15108, stack(0x00000000079c0000,0x0000000007ac0000)]
=>0x000000000695d800 JavaThread "AWT-Windows" daemon [_thread_in_native, id=13944, stack(0x00000000074b0000,0x00000000075b0000)]
  0x000000000695d000 JavaThread "AWT-Shutdown" [_thread_blocked, id=12920, stack(0x00000000073b0000,0x00000000074b0000)]
  0x000000000695c000 JavaThread "Java2D Disposer" daemon [_thread_blocked, id=7216, stack(0x00000000072b0000,0x00000000073b0000)]
  0x000000000695b800 JavaThread "Low Memory Detector" daemon [_thread_blocked, id=8836, stack(0x0000000006f00000,0x0000000007000000)]
  0x0000000006971000 JavaThread "C2 CompilerThread1" daemon [_thread_blocked, id=10040, stack(0x0000000006e00000,0x0000000006f00000)]
  0x0000000006917000 JavaThread "C2 CompilerThread0" daemon [_thread_blocked, id=15224, stack(0x0000000006d00000,0x0000000006e00000)]
  0x000000000695b000 JavaThread "Attach Listener" daemon [_thread_blocked, id=11708, stack(0x0000000006c00000,0x0000000006d00000)]
  0x000000000695a000 JavaThread "Signal Dispatcher" daemon [_thread_blocked, id=10236, stack(0x0000000006b00000,0x0000000006c00000)]
  0x00000000002cd800 JavaThread "Finalizer" daemon [_thread_blocked, id=15136, stack(0x0000000006800000,0x0000000006900000)]
  0x00000000002c7000 JavaThread "Reference Handler" daemon [_thread_blocked, id=8092, stack(0x0000000006700000,0x0000000006800000)]

Other Threads:
  0x00000000002be800 VMThread [stack: 0x0000000006600000,0x0000000006700000] [id=7928]
  0x000000000698c800 WatcherThread [stack: 0x0000000007000000,0x0000000007100000] [id=12880]

VM state:not at safepoint (normal execution)

VM Mutex/Monitor currently owned by a thread: None

Heap
 PSYoungGen      total 37824K, used 28418K [0x00000007d5cb0000, 0x00000007d86e0000, 0x0000000800000000)
  eden space 32448K, 82% used [0x00000007d5cb0000,0x00000007d76b5d18,0x00000007d7c60000)
  from space 5376K, 32% used [0x00000007d81a0000,0x00000007d835ade0,0x00000007d86e0000)
  to   space 5376K, 0% used [0x00000007d7c60000,0x00000007d7c60000,0x00000007d81a0000)
 PSOldGen        total 86400K, used 0K [0x0000000781600000, 0x0000000786a60000, 0x00000007d5cb0000)
  object space 86400K, 0% used [0x0000000781600000,0x0000000781600000,0x0000000786a60000)
 PSPermGen       total 21248K, used 11707K [0x000000077c400000, 0x000000077d8c0000, 0x0000000781600000)
  object space 21248K, 55% used [0x000000077c400000,0x000000077cf6eed8,0x000000077d8c0000)

Code Cache  [0x0000000002520000, 0x0000000002790000, 0x0000000005520000)
 total_blobs=578 nmethods=196 adapters=335 free_code_cache=49405568 largest_free_block=18560

Dynamic libraries:
0x0000000000400000 - 0x000000000042f000 	D:\Program Files\Java\jdk1.6.0_45\bin\javaw.exe
0x00000000772c0000 - 0x0000000077469000 	C:\Windows\SYSTEM32\ntdll.dll
0x00000000771a0000 - 0x00000000772c0000 	C:\Windows\system32\kernel32.dll
0x000007fefda40000 - 0x000007fefdaac000 	C:\Windows\system32\KERNELBASE.dll
0x000007fefea50000 - 0x000007fefeb2b000 	C:\Windows\system32\ADVAPI32.dll
0x000007fefdb50000 - 0x000007fefdbef000 	C:\Windows\system32\msvcrt.dll
0x000007fefec50000 - 0x000007fefec6f000 	C:\Windows\SYSTEM32\sechost.dll
0x000007feff3d0000 - 0x000007feff4fd000 	C:\Windows\system32\RPCRT4.dll
0x0000000076f40000 - 0x000000007703a000 	C:\Windows\system32\USER32.dll
0x000007fefdc40000 - 0x000007fefdca7000 	C:\Windows\system32\GDI32.dll
0x000007fefdb20000 - 0x000007fefdb2e000 	C:\Windows\system32\LPK.dll
0x000007feff500000 - 0x000007feff5c9000 	C:\Windows\system32\USP10.dll
0x000007fefdaf0000 - 0x000007fefdb1e000 	C:\Windows\system32\IMM32.DLL
0x000007feff030000 - 0x000007feff139000 	C:\Windows\system32\MSCTF.dll
0x000000006d8e0000 - 0x000000006e09c000 	D:\Program Files\Java\jdk1.6.0_45\jre\bin\server\jvm.dll
0x000007fefb9f0000 - 0x000007fefba2b000 	C:\Windows\system32\WINMM.dll
0x000000006d850000 - 0x000000006d85e000 	D:\Program Files\Java\jdk1.6.0_45\jre\bin\verify.dll
0x000000006d460000 - 0x000000006d487000 	D:\Program Files\Java\jdk1.6.0_45\jre\bin\java.dll
0x000000006d8a0000 - 0x000000006d8b2000 	D:\Program Files\Java\jdk1.6.0_45\jre\bin\zip.dll
0x000000006d0a0000 - 0x000000006d264000 	D:\Program Files\Java\jdk1.6.0_45\jre\bin\awt.dll
0x000007fef8ca0000 - 0x000007fef8d11000 	C:\Windows\system32\WINSPOOL.DRV
0x000007feff1c0000 - 0x000007feff3c3000 	C:\Windows\system32\ole32.dll
0x000007fefdcc0000 - 0x000007fefea49000 	C:\Windows\system32\SHELL32.dll
0x000007feff140000 - 0x000007feff1b1000 	C:\Windows\system32\SHLWAPI.dll
0x000007fefbf80000 - 0x000007fefc174000 	C:\Windows\WinSxS\amd64_microsoft.windows.common-controls_6595b64144ccf1df_6.0.7601.18837_none_fa3b1e3d17594757\COMCTL32.dll
0x000007fefb710000 - 0x000007fefb728000 	C:\Windows\system32\DWMAPI.DLL
0x000007fefbe70000 - 0x000007fefbec6000 	C:\Windows\system32\uxtheme.dll
0x000000006d340000 - 0x000000006d3b5000 	D:\Program Files\Java\jdk1.6.0_45\jre\bin\fontmanager.dll
0x000007fefd650000 - 0x000007fefd65f000 	C:\Windows\system32\CRYPTBASE.dll
0x000000006d6c0000 - 0x000000006d6d7000 	D:\Program Files\Java\jdk1.6.0_45\jre\bin\net.dll
0x000007fefdbf0000 - 0x000007fefdc3d000 	C:\Windows\system32\WS2_32.dll
0x000007fefdcb0000 - 0x000007fefdcb8000 	C:\Windows\system32\NSI.dll
0x000007fefcf90000 - 0x000007fefcfe5000 	C:\Windows\system32\mswsock.dll
0x000007fefcf80000 - 0x000007fefcf87000 	C:\Windows\System32\wship6.dll
0x000000006d6e0000 - 0x000000006d6ec000 	D:\Program Files\Java\jdk1.6.0_45\jre\bin\nio.dll
0x000007fefeef0000 - 0x000007fefefc7000 	C:\Windows\system32\OLEAUT32.DLL
0x000007fefc950000 - 0x000007fefc957000 	C:\Windows\System32\wshtcpip.dll
0x000007fef3190000 - 0x000007fef31d8000 	C:\Program Files (x86)\TeamViewer\tv_x64.dll
0x000007fefc880000 - 0x000007fefc88c000 	C:\Windows\system32\VERSION.dll
0x0000000077490000 - 0x0000000077497000 	C:\Windows\system32\PSAPI.DLL

VM Arguments:
jvm_args: -Dfile.encoding=UTF-8 
java_command: per.cloudy.compenent.MainFrame
Launcher Type: SUN_STANDARD

Environment Variables:
JAVA_HOME=D:\Program Files\Java\jdk1.6.0_45
CLASSPATH=.
PATH=C:\Program Files (x86)\Intel\iCLS Client\;C:\Program Files\Intel\iCLS Client\;C:\Windows\system32;C:\Windows;C:\Windows\System32\Wbem;C:\Windows\System32\WindowsPowerShell\v1.0\;C:\Program Files\Intel\Intel(R) Management Engine Components\DAL;C:\Program Files (x86)\Intel\Intel(R) Management Engine Components\DAL;C:\Program Files\Intel\Intel(R) Management Engine Components\IPT;C:\Program Files (x86)\Intel\Intel(R) Management Engine Components\IPT;D:\Program Files\Java\jdk1.6.0_45\bin;D:\Program Files\TortoiseSVN\bin;D:\apache-maven-3.2.5\bin;C:\Program Files\Intel\WiFi\bin\;C:\Program Files\Common Files\Intel\WirelessCommon\;C:\Program Files\MIT\Kerberos\bin;C:\Program Files\Intel\WiFi\bin\;C:\Program Files\Common Files\Intel\WirelessCommon\
USERNAME=58
OS=Windows_NT
PROCESSOR_IDENTIFIER=Intel64 Family 6 Model 61 Stepping 4, GenuineIntel



---------------  S Y S T E M  ---------------

OS: Windows 7 , 64 bit Build 7601 Service Pack 1

CPU:total 4 (2 cores per cpu, 2 threads per core) family 6 model 61 stepping 4, cmov, cx8, fxsr, mmx, sse, sse2, sse3, ssse3, sse4.1, sse4.2, popcnt, ht

Memory: 4k page, physical 8293356k(2178380k free), swap 16584876k(9462420k free)

vm_info: Java HotSpot(TM) 64-Bit Server VM (20.45-b01) for windows-amd64 JRE (1.6.0_45-b06), built on Apr  1 2013 12:31:37 by "java_re" with MS VC++ 8.0 (VS2005)

time: Tue Dec 08 21:46:55 2015
elapsed time: 7460 seconds

